[12:34:41] [ServerMain/INFO]: [bootstrap] Running Java 21 (OpenJDK 64-Bit Server VM 21.0.5+11-LTS; Eclipse Adoptium Temurin-21.0.5+11) on Windows 10 10.0 (amd64)
[12:34:41] [ServerMain/INFO]: [bootstrap] Loading Purpur 1.21.1-2329-ver/1.21.1@803bf62 (2024-10-31T20:25:04Z) for Minecraft 1.21.1
[12:34:43] [ServerMain/INFO]: [PluginInitializerManager] Initializing plugins...
[12:34:43] [ServerMain/INFO]: [PluginInitializerManager] Initialized 2 plugins
[12:34:43] [ServerMain/INFO]: [PluginInitializerManager] Bukkit plugins (2):
 - SkinsRestorer (15.5.1), permadeath (1.0-SNAPSHOT)
[12:34:46] [ServerMain/INFO]: Environment: Environment[sessionHost=https://sessionserver.mojang.com, servicesHost=https://api.minecraftservices.com, name=PROD]
[12:34:47] [ServerMain/INFO]: Loaded 1290 recipes
[12:34:48] [ServerMain/INFO]: Loaded 1399 advancements
[12:34:48] [Server thread/INFO]: Starting minecraft server version 1.21.1
[12:34:48] [Server thread/INFO]: Loading properties
[12:34:48] [Server thread/INFO]: This server is running Purpur version 1.21.1-2329-ver/1.21.1@803bf62 (2024-10-31T20:25:04Z) (Implementing API version 1.21.1-R0.1-SNAPSHOT)
[12:34:48] [Server thread/INFO]: [spark] This server bundles the spark profiler. For more information please visit https://docs.papermc.io/paper/profiling
[12:34:49] [Server thread/INFO]: Server Ping Player Sample Count: 12
[12:34:49] [Server thread/INFO]: Using 4 threads for Netty based IO
[12:34:49] [Server thread/INFO]: [ChunkTaskScheduler] Chunk system is using 1 I/O threads, 2 worker threads, and population gen parallelism of 2 threads
[12:34:49] [Server thread/INFO]: [Pufferfish] Max SIMD vector size on this system is 256 bits (int)
[12:34:49] [Server thread/INFO]: [Pufferfish] Max SIMD vector size on this system is 256 bits (float)
[12:34:49] [Server thread/INFO]: [Pufferfish] SIMD operations detected as functional. Will replace some operations with faster versions.
[12:34:49] [Server thread/INFO]: Default game type: SURVIVAL
[12:34:49] [Server thread/INFO]: Generating keypair
[12:34:49] [Server thread/INFO]: Starting Minecraft server on 26.227.244.29:25565
[12:34:49] [Server thread/INFO]: Using default channel type
[12:34:49] [Server thread/INFO]: Paper: Using Java compression from Velocity.
[12:34:49] [Server thread/INFO]: Paper: Using Java cipher from Velocity.
[12:34:50] [Server thread/INFO]: [SkinsRestorer] Loading server plugin SkinsRestorer v15.5.1
[12:34:50] [Server thread/INFO]: [permadeath] Loading server plugin permadeath v1.0-SNAPSHOT
[12:34:50] [Server thread/INFO]: Server permissions file permissions.yml is empty, ignoring it
[12:34:50] [Server thread/INFO]: [SkinsRestorer] Enabling SkinsRestorer v15.5.1
[12:34:50] [Server thread/WARN]: [SkinsRestorer] You must agree to the rules at 'commands.perSkinPermissionsConsent' in the config to use per skin permissions.
[12:34:50] [Server thread/INFO]: [SkinsRestorer] Running on Minecraft 1.21.1.
[12:34:51] [Server thread/INFO]: [SkinsRestorer] Using paper join listener!
[12:34:51] [Server thread/WARN]: **** SERVER IS RUNNING IN OFFLINE/INSECURE MODE!
[12:34:51] [Server thread/WARN]: The server will make no attempt to authenticate usernames. Beware.
[12:34:51] [Server thread/WARN]: While this makes the game possible to play without internet access, it also opens up the ability for hackers to connect with any username they choose.
[12:34:51] [Server thread/WARN]: To change this, set "online-mode" to "true" in the server.properties file.
[12:34:51] [Server thread/INFO]: Preparing level "world"
[12:34:51] [Folia Async Scheduler Thread #1/INFO]: [SkinsRestorer] ----------------------------------------------
[12:34:51] [Folia Async Scheduler Thread #1/INFO]: [SkinsRestorer]     +==================+
[12:34:51] [Folia Async Scheduler Thread #1/INFO]: [SkinsRestorer]     |   SkinsRestorer  |
[12:34:51] [Folia Async Scheduler Thread #1/INFO]: [SkinsRestorer]     |------------------|
[12:34:51] [Folia Async Scheduler Thread #1/INFO]: [SkinsRestorer]     |  Standalone Mode |
[12:34:51] [Folia Async Scheduler Thread #1/INFO]: [SkinsRestorer]     +==================+
[12:34:51] [Folia Async Scheduler Thread #1/INFO]: [SkinsRestorer] ----------------------------------------------
[12:34:51] [Folia Async Scheduler Thread #1/INFO]: [SkinsRestorer]     Version: 15.5.1
[12:34:51] [Folia Async Scheduler Thread #1/INFO]: [SkinsRestorer]     Commit: d5d8613
[12:34:51] [Folia Async Scheduler Thread #1/INFO]: [SkinsRestorer]     This is the latest version!
[12:34:51] [Folia Async Scheduler Thread #1/INFO]: [SkinsRestorer] ----------------------------------------------
[12:34:51] [Folia Async Scheduler Thread #1/INFO]: [SkinsRestorer] Do you have issues? Read our troubleshooting guide: https://skinsrestorer.net/docs/troubleshooting
[12:34:51] [Folia Async Scheduler Thread #1/INFO]: [SkinsRestorer] Want to support SkinsRestorer? Consider donating: https://skinsrestorer.net/donate
[12:34:52] [Server thread/INFO]: Preparing start region for dimension minecraft:overworld
[12:34:52] [Server thread/INFO]: Time elapsed: 764 ms
[12:34:52] [Server thread/INFO]: Preparing start region for dimension minecraft:the_nether
[12:34:53] [Server thread/INFO]: Time elapsed: 184 ms
[12:34:53] [Server thread/INFO]: Preparing start region for dimension minecraft:the_end
[12:34:53] [Server thread/INFO]: Time elapsed: 68 ms
[12:34:53] [Server thread/INFO]: [permadeath] Enabling permadeath v1.0-SNAPSHOT
[12:34:53] [Server thread/INFO]: [permadeath] Dificultad 1 establecida a: true
[12:34:53] [Server thread/INFO]: [permadeath] Dificultad 2 establecida a: true
[12:34:53] [Server thread/INFO]: [permadeath] Dificultad 3 establecida a: false
[12:34:53] [Server thread/INFO]: [permadeath] Dificultad 4 establecida a: false
[12:34:53] [Server thread/INFO]: [permadeath] Dificultad 5 establecida a: false
[12:34:53] [Server thread/INFO]: [permadeath] Dificultad 6 establecida a: false
[12:34:53] [Server thread/INFO]: [permadeath] Dificultad 7 establecida a: false
[12:34:53] [Server thread/INFO]: [permadeath] Dificultad 8 establecida a: false
[12:34:53] [Server thread/INFO]: [permadeath] Dificultad 9 establecida a: false
[12:34:53] [Server thread/INFO]: [permadeath] Dificultad 10 establecida a: false
[12:34:53] [Server thread/INFO]: [permadeath] Dificultad 11 establecida a: false
[12:34:53] [Server thread/INFO]: [permadeath] Dificultad 12 establecida a: false
[12:34:53] [Server thread/INFO]: [permadeath] Dificultad 13 establecida a: false
[12:34:53] [Server thread/INFO]: [permadeath] Dificultad 14 establecida a: false
[12:34:53] [Server thread/INFO]: [permadeath] Plugin habilitado en modo depuración.
[12:34:53] [Server thread/INFO]: [spark] Starting background profiler...
[12:34:53] [Server thread/INFO]: [spark] The async-profiler engine is not supported for your os/arch (windows10/amd64), so the built-in Java engine will be used instead.
[12:34:53] [Server thread/INFO]: Done preparing level "world" (1.982s)
[12:34:53] [Server thread/INFO]: Running delayed init tasks
[12:34:53] [Server thread/INFO]: Done (12.165s)! For help, type "help"
[12:36:58] [User Authenticator #0/INFO]: UUID of player Matrucop is 71a8b6be-4822-30fb-8e42-04a9e545d656
[12:36:59] [Server thread/INFO]: Matrucop joined the game
[12:36:59] [Server thread/INFO]: Matrucop[/26.227.244.29:53475] logged in with entity id 251 at ([world]-20.38972779634645, 78.0, 0.3289878281218936)
[12:38:25] [Server thread/INFO]: Matrucop issued server command: /setblock ~ ~ ~ end_portal
[12:38:25] [Server thread/INFO]: [Matrucop: Changed the block at -27, 78, -3]
[12:39:23] [Async Chat Thread - #1/INFO]: [Not Secure] <Matrucop> -41 0
[12:39:38] [Async Chat Thread - #1/INFO]: [Not Secure] <Matrucop> 42 0
